[ { raw: 'div $if="true"',
    data: 'div $if="true"',
    type: 'tag',
    name: 'div',
    attribs: { '$if': 'true' },
    children: 
     [ { raw: '\n  The lazy ${animal} jumps over the lazy ${thing}.\n',
         data: '\n  The lazy ${animal} jumps over the lazy ${thing}.\n',
         type: 'text' } ] },
  { raw: '\n\n', data: '\n\n', type: 'text' },
  { raw: 'ul',
    data: 'ul',
    type: 'tag',
    name: 'ul',
    children: 
     [ { raw: '\n  ', data: '\n  ', type: 'text' },
       { raw: 'li $repeat="car in cars"',
         data: 'li $repeat="car in cars"',
         type: 'tag',
         name: 'li',
         attribs: { '$repeat': 'car in cars' } },
       { raw: '\n', data: '\n', type: 'text' } ] },
  { raw: '\n\n', data: '\n\n', type: 'text' },
  { raw: 'div $class="{\'yourmum\': yourmum}"',
    data: 'div $class="{\'yourmum\': yourmum}"',
    type: 'tag',
    name: 'div',
    attribs: { '$class': '{\'yourmum\': yourmum}' },
    children: [ { raw: '\n\n', data: '\n\n', type: 'text' } ] },
  { raw: '\n', data: '\n', type: 'text' } ]
{ raw: '\n  The lazy ${animal} jumps over the lazy ${thing}.\n',
  data: '\n  The lazy ${animal} jumps over the lazy ${thing}.\n',
  type: 'text' } 'fuck'
